# JRE version: OpenJDK Runtime Environment (17.0.6) (build 17.0.6+0-b2043.56-9586694)
# Java VM: OpenJDK 64-Bit Server VM (17.0.6+0-b2043.56-9586694, mixed mode, tiered, compressed oops, compressed class ptrs, g1 gc, windows-amd64)
GC Precious Log:
 CPUs: 4 total, 4 available
 Memory: 8105M
 Large Page Support: Disabled
 NUMA Support: Disabled
 Compressed Oops: Enabled (32-bit)
 Heap Region Size: 1M
 Heap Min Capacity: 8M
 Heap Initial Capacity: 128M
 Heap Max Capacity: 2G
 Pre-touch: Disabled
 Parallel Workers: 4
 Concurrent Workers: 1
 Concurrent Refinement Workers: 4
 Periodic GC: Disabled
Heap:
 garbage-first heap   total 555008K, used 158720K [0x0000000080000000, 0x0000000100000000)
  region size 1024K, 4 young (4096K), 4 survivors (4096K)
 Metaspace       used 141040K, committed 143168K, reserved 1179648K
  class space    used 18591K, committed 19584K, reserved 1048576K
GC Heap History (20 events):
Event: 4917.288 GC heap after
{Heap after GC invocations=108 (full 0):
 garbage-first heap   total 410624K, used 350197K [0x0000000080000000, 0x0000000100000000)
  region size 1024K, 3 young (3072K), 3 survivors (3072K)
 Metaspace       used 139469K, committed 140864K, reserved 1171456K
  class space    used 18294K, committed 18944K, reserved 1048576K
}
Event: 4917.509 GC heap before
{Heap before GC invocations=108 (full 0):
 garbage-first heap   total 410624K, used 366581K [0x0000000080000000, 0x0000000100000000)
  region size 1024K, 20 young (20480K), 3 survivors (3072K)
 Metaspace       used 139508K, committed 140992K, reserved 1171456K
  class space    used 18302K, committed 19008K, reserved 1048576K
}
Event: 4917.519 GC heap after
{Heap after GC invocations=109 (full 0):
 garbage-first heap   total 410624K, used 351728K [0x0000000080000000, 0x0000000100000000)
  region size 1024K, 2 young (2048K), 2 survivors (2048K)
 Metaspace       used 139508K, committed 140992K, reserved 1171456K
  class space    used 18302K, committed 19008K, reserved 1048576K
}
Event: 4917.748 GC heap before
{Heap before GC invocations=109 (full 0):
 garbage-first heap   total 410624K, used 371184K [0x0000000080000000, 0x0000000100000000)
  region size 1024K, 20 young (20480K), 2 survivors (2048K)
 Metaspace       used 139531K, committed 140992K, reserved 1171456K
  class space    used 18303K, committed 19008K, reserved 1048576K
}
Event: 4917.758 GC heap after
{Heap after GC invocations=110 (full 0):
 garbage-first heap   total 478208K, used 359232K [0x0000000080000000, 0x0000000100000000)
  region size 1024K, 3 young (3072K), 3 survivors (3072K)
 Metaspace       used 139531K, committed 140992K, reserved 1171456K
  class space    used 18303K, committed 19008K, reserved 1048576K
}
Event: 4918.715 GC heap before
{Heap before GC invocations=110 (full 0):
 garbage-first heap   total 478208K, used 407360K [0x0000000080000000, 0x0000000100000000)
  region size 1024K, 51 young (52224K), 3 survivors (3072K)
 Metaspace       used 139556K, committed 140992K, reserved 1171456K
  class space    used 18306K, committed 19008K, reserved 1048576K
}
Event: 4918.734 GC heap after
{Heap after GC invocations=111 (full 0):
 garbage-first heap   total 478208K, used 364132K [0x0000000080000000, 0x0000000100000000)
  region size 1024K, 7 young (7168K), 7 survivors (7168K)
 Metaspace       used 139556K, committed 140992K, reserved 1171456K
  class space    used 18306K, committed 19008K, reserved 1048576K
}
Event: 5300.602 GC heap before
{Heap before GC invocations=111 (full 0):
 garbage-first heap   total 478208K, used 414308K [0x0000000080000000, 0x0000000100000000)
  region size 1024K, 43 young (44032K), 7 survivors (7168K)
 Metaspace       used 139889K, committed 141440K, reserved 1179648K
  class space    used 18375K, committed 19136K, reserved 1048576K
}
Event: 5300.656 GC heap after
{Heap after GC invocations=112 (full 0):
 garbage-first heap   total 478208K, used 364399K [0x0000000080000000, 0x0000000100000000)
  region size 1024K, 1 young (1024K), 1 survivors (1024K)
 Metaspace       used 139889K, committed 141440K, reserved 1179648K
  class space    used 18375K, committed 19136K, reserved 1048576K
}
Event: 5302.662 GC heap before
{Heap before GC invocations=112 (full 0):
 garbage-first heap   total 478208K, used 411503K [0x0000000080000000, 0x0000000100000000)
  region size 1024K, 48 young (49152K), 1 survivors (1024K)
 Metaspace       used 141106K, committed 142976K, reserved 1179648K
  class space    used 18615K, committed 19520K, reserved 1048576K
}
Event: 5302.690 GC heap after
{Heap after GC invocations=113 (full 0):
 garbage-first heap   total 478208K, used 370098K [0x0000000080000000, 0x0000000100000000)
  region size 1024K, 6 young (6144K), 6 survivors (6144K)
 Metaspace       used 141106K, committed 142976K, reserved 1179648K
  class space    used 18615K, committed 19520K, reserved 1048576K
}
Event: 5416.537 GC heap before
{Heap before GC invocations=114 (full 0):
 garbage-first heap   total 555008K, used 350642K [0x0000000080000000, 0x0000000100000000)
  region size 1024K, 42 young (43008K), 6 survivors (6144K)
 Metaspace       used 141020K, committed 143168K, reserved 1179648K
  class space    used 18591K, committed 19584K, reserved 1048576K
}
Event: 5416.619 GC heap after
{Heap after GC invocations=115 (full 0):
 garbage-first heap   total 555008K, used 316206K [0x0000000080000000, 0x0000000100000000)
  region size 1024K, 3 young (3072K), 3 survivors (3072K)
 Metaspace       used 141020K, committed 143168K, reserved 1179648K
  class space    used 18591K, committed 19584K, reserved 1048576K
}
Event: 5417.129 GC heap before
{Heap before GC invocations=115 (full 0):
 garbage-first heap   total 555008K, used 339758K [0x0000000080000000, 0x0000000100000000)
  region size 1024K, 27 young (27648K), 3 survivors (3072K)
 Metaspace       used 141029K, committed 143168K, reserved 1179648K
  class space    used 18591K, committed 19584K, reserved 1048576K
}
Event: 5417.176 GC heap after
{Heap after GC invocations=116 (full 0):
 garbage-first heap   total 555008K, used 263519K [0x0000000080000000, 0x0000000100000000)
  region size 1024K, 4 young (4096K), 4 survivors (4096K)
 Metaspace       used 141029K, committed 143168K, reserved 1179648K
  class space    used 18591K, committed 19584K, reserved 1048576K
}
Event: 5417.625 GC heap before
{Heap before GC invocations=116 (full 0):
 garbage-first heap   total 555008K, used 286047K [0x0000000080000000, 0x0000000100000000)
  region size 1024K, 27 young (27648K), 4 survivors (4096K)
 Metaspace       used 141036K, committed 143168K, reserved 1179648K
  class space    used 18591K, committed 19584K, reserved 1048576K
}
Event: 5417.690 GC heap after
{Heap after GC invocations=117 (full 0):
 garbage-first heap   total 555008K, used 208504K [0x0000000080000000, 0x0000000100000000)
  region size 1024K, 3 young (3072K), 3 survivors (3072K)
 Metaspace       used 141036K, committed 143168K, reserved 1179648K
  class space    used 18591K, committed 19584K, reserved 1048576K
}
Event: 5418.619 GC heap before
{Heap before GC invocations=117 (full 0):
 garbage-first heap   total 555008K, used 234104K [0x0000000080000000, 0x0000000100000000)
  region size 1024K, 27 young (27648K), 3 survivors (3072K)
 Metaspace       used 141040K, committed 143168K, reserved 1179648K
  class space    used 18591K, committed 19584K, reserved 1048576K
}
Event: 5418.748 GC heap after
{Heap after GC invocations=118 (full 0):
 garbage-first heap   total 555008K, used 160948K [0x0000000080000000, 0x0000000100000000)
  region size 1024K, 4 young (4096K), 4 survivors (4096K)
 Metaspace       used 141040K, committed 143168K, reserved 1179648K
  class space    used 18591K, committed 19584K, reserved 1048576K
}
Event: 5419.689 GC heap before
{Heap before GC invocations=118 (full 0):
 garbage-first heap   total 555008K, used 184500K [0x0000000080000000, 0x0000000100000000)
  region size 1024K, 27 young (27648K), 4 survivors (4096K)
 Metaspace       used 141040K, committed 143168K, reserved 1179648K
  class space    used 18591K, committed 19584K, reserved 1048576K
}

