# JRE version: OpenJDK Runtime Environment (17.0.6) (build 17.0.6+0-b2043.56-9586694)
# Java VM: OpenJDK 64-Bit Server VM (17.0.6+0-b2043.56-9586694, mixed mode, tiered, compressed oops, compressed class ptrs, g1 gc, windows-amd64)
GC Precious Log:
 CPUs: 4 total, 4 available
 Memory: 8105M
 Large Page Support: Disabled
 NUMA Support: Disabled
 Compressed Oops: Enabled (32-bit)
 Heap Region Size: 1M
 Heap Min Capacity: 8M
 Heap Initial Capacity: 128M
 Heap Max Capacity: 2G
 Pre-touch: Disabled
 Parallel Workers: 4
 Concurrent Workers: 1
 Concurrent Refinement Workers: 4
 Periodic GC: Disabled
Heap:
 garbage-first heap   total 423936K, used 116796K [0x0000000080000000, 0x0000000100000000)
  region size 1024K, 6 young (6144K), 6 survivors (6144K)
 Metaspace       used 120371K, committed 121600K, reserved 1155072K
  class space    used 16246K, committed 16832K, reserved 1048576K
GC Heap History (20 events):
Event: 7248.215 GC heap after
{Heap after GC invocations=62 (full 0):
 garbage-first heap   total 365568K, used 112114K [0x0000000080000000, 0x0000000100000000)
  region size 1024K, 3 young (3072K), 3 survivors (3072K)
 Metaspace       used 117810K, committed 118720K, reserved 1155072K
  class space    used 16026K, committed 16448K, reserved 1048576K
}
Event: 7248.466 GC heap before
{Heap before GC invocations=62 (full 0):
 garbage-first heap   total 365568K, used 116210K [0x0000000080000000, 0x0000000100000000)
  region size 1024K, 8 young (8192K), 3 survivors (3072K)
 Metaspace       used 117898K, committed 118784K, reserved 1155072K
  class space    used 16026K, committed 16448K, reserved 1048576K
}
Event: 7248.526 GC heap after
{Heap after GC invocations=63 (full 0):
 garbage-first heap   total 1058816K, used 112543K [0x0000000080000000, 0x0000000100000000)
  region size 1024K, 4 young (4096K), 4 survivors (4096K)
 Metaspace       used 117898K, committed 118784K, reserved 1155072K
  class space    used 16026K, committed 16448K, reserved 1048576K
}
Event: 7510.680 GC heap before
{Heap before GC invocations=64 (full 0):
 garbage-first heap   total 423936K, used 256927K [0x0000000080000000, 0x0000000100000000)
  region size 1024K, 131 young (134144K), 4 survivors (4096K)
 Metaspace       used 118358K, committed 119232K, reserved 1155072K
  class space    used 16031K, committed 16448K, reserved 1048576K
}
Event: 7510.715 GC heap after
{Heap after GC invocations=65 (full 0):
 garbage-first heap   total 423936K, used 119244K [0x0000000080000000, 0x0000000100000000)
  region size 1024K, 8 young (8192K), 8 survivors (8192K)
 Metaspace       used 118358K, committed 119232K, reserved 1155072K
  class space    used 16031K, committed 16448K, reserved 1048576K
}
Event: 7511.081 GC heap before
{Heap before GC invocations=65 (full 0):
 garbage-first heap   total 423936K, used 131532K [0x0000000080000000, 0x0000000100000000)
  region size 1024K, 20 young (20480K), 8 survivors (8192K)
 Metaspace       used 118369K, committed 119232K, reserved 1155072K
  class space    used 16031K, committed 16448K, reserved 1048576K
}
Event: 7511.120 GC heap after
{Heap after GC invocations=66 (full 0):
 garbage-first heap   total 423936K, used 111266K [0x0000000080000000, 0x0000000100000000)
  region size 1024K, 2 young (2048K), 2 survivors (2048K)
 Metaspace       used 118369K, committed 119232K, reserved 1155072K
  class space    used 16031K, committed 16448K, reserved 1048576K
}
Event: 7511.459 GC heap before
{Heap before GC invocations=66 (full 0):
 garbage-first heap   total 423936K, used 126626K [0x0000000080000000, 0x0000000100000000)
  region size 1024K, 18 young (18432K), 2 survivors (2048K)
 Metaspace       used 118387K, committed 119232K, reserved 1155072K
  class space    used 16031K, committed 16448K, reserved 1048576K
}
Event: 7511.466 GC heap after
{Heap after GC invocations=67 (full 0):
 garbage-first heap   total 423936K, used 114265K [0x0000000080000000, 0x0000000100000000)
  region size 1024K, 5 young (5120K), 5 survivors (5120K)
 Metaspace       used 118387K, committed 119232K, reserved 1155072K
  class space    used 16031K, committed 16448K, reserved 1048576K
}
Event: 8478.285 GC heap before
{Heap before GC invocations=68 (full 0):
 garbage-first heap   total 423936K, used 354905K [0x0000000080000000, 0x0000000100000000)
  region size 1024K, 224 young (229376K), 5 survivors (5120K)
 Metaspace       used 119626K, committed 120768K, reserved 1155072K
  class space    used 16192K, committed 16704K, reserved 1048576K
}
Event: 8478.418 GC heap after
{Heap after GC invocations=69 (full 0):
 garbage-first heap   total 423936K, used 125798K [0x0000000080000000, 0x0000000100000000)
  region size 1024K, 12 young (12288K), 12 survivors (12288K)
 Metaspace       used 119626K, committed 120768K, reserved 1155072K
  class space    used 16192K, committed 16704K, reserved 1048576K
}
Event: 8478.605 GC heap before
{Heap before GC invocations=69 (full 0):
 garbage-first heap   total 423936K, used 132966K [0x0000000080000000, 0x0000000100000000)
  region size 1024K, 20 young (20480K), 12 survivors (12288K)
 Metaspace       used 119668K, committed 120832K, reserved 1155072K
  class space    used 16204K, committed 16768K, reserved 1048576K
}
Event: 8478.721 GC heap after
{Heap after GC invocations=70 (full 0):
 garbage-first heap   total 423936K, used 113231K [0x0000000080000000, 0x0000000100000000)
  region size 1024K, 2 young (2048K), 2 survivors (2048K)
 Metaspace       used 119668K, committed 120832K, reserved 1155072K
  class space    used 16204K, committed 16768K, reserved 1048576K
}
Event: 8479.400 GC heap before
{Heap before GC invocations=70 (full 0):
 garbage-first heap   total 423936K, used 139855K [0x0000000080000000, 0x0000000100000000)
  region size 1024K, 30 young (30720K), 2 survivors (2048K)
 Metaspace       used 119939K, committed 121152K, reserved 1155072K
  class space    used 16240K, committed 16768K, reserved 1048576K
}
Event: 8479.408 GC heap after
{Heap after GC invocations=71 (full 0):
 garbage-first heap   total 423936K, used 113135K [0x0000000080000000, 0x0000000100000000)
  region size 1024K, 2 young (2048K), 2 survivors (2048K)
 Metaspace       used 119939K, committed 121152K, reserved 1155072K
  class space    used 16240K, committed 16768K, reserved 1048576K
}
Event: 10178.611 GC heap before
{Heap before GC invocations=72 (full 0):
 garbage-first heap   total 423936K, used 367087K [0x0000000080000000, 0x0000000100000000)
  region size 1024K, 223 young (228352K), 2 survivors (2048K)
 Metaspace       used 120343K, committed 121600K, reserved 1155072K
  class space    used 16246K, committed 16832K, reserved 1048576K
}
Event: 10178.769 GC heap after
{Heap after GC invocations=73 (full 0):
 garbage-first heap   total 423936K, used 120776K [0x0000000080000000, 0x0000000100000000)
  region size 1024K, 7 young (7168K), 7 survivors (7168K)
 Metaspace       used 120343K, committed 121600K, reserved 1155072K
  class space    used 16246K, committed 16832K, reserved 1048576K
}
Event: 10179.141 GC heap before
{Heap before GC invocations=73 (full 0):
 garbage-first heap   total 423936K, used 134088K [0x0000000080000000, 0x0000000100000000)
  region size 1024K, 20 young (20480K), 7 survivors (7168K)
 Metaspace       used 120346K, committed 121600K, reserved 1155072K
  class space    used 16246K, committed 16832K, reserved 1048576K
}
Event: 10179.300 GC heap after
{Heap after GC invocations=74 (full 0):
 garbage-first heap   total 423936K, used 112300K [0x0000000080000000, 0x0000000100000000)
  region size 1024K, 2 young (2048K), 2 survivors (2048K)
 Metaspace       used 120346K, committed 121600K, reserved 1155072K
  class space    used 16246K, committed 16832K, reserved 1048576K
}
Event: 10180.328 GC heap before
{Heap before GC invocations=74 (full 0):
 garbage-first heap   total 423936K, used 140972K [0x0000000080000000, 0x0000000100000000)
  region size 1024K, 31 young (31744K), 2 survivors (2048K)
 Metaspace       used 120371K, committed 121600K, reserved 1155072K
  class space    used 16246K, committed 16832K, reserved 1048576K
}

